<?xml version="1.0" encoding="UTF-8"?>
<testng-results skipped="0" failed="1" ignored="0" total="1" passed="0">
  <reporter-output>
  </reporter-output>
  <suite name="Default suite" duration-ms="791" started-at="2020-03-24T19:18:05 EDT" finished-at="2020-03-24T19:18:06 EDT">
    <groups>
    </groups>
    <test name="Default test" duration-ms="791" started-at="2020-03-24T19:18:05 EDT" finished-at="2020-03-24T19:18:06 EDT">
      <class name="Com.SMB.Utilities.DataDriven.ExcelDataReader">
        <test-method status="FAIL" signature="Reader()[pri:0, instance:Com.SMB.Utilities.DataDriven.ExcelDataReader@c46bcd4]" name="Reader" duration-ms="734" started-at="2020-03-24T19:18:05 EDT" finished-at="2020-03-24T19:18:06 EDT">
          <exception class="java.lang.IllegalStateException">
            <message>
              <![CDATA[Cannot get a text value from a numeric cell]]>
            </message>
            <full-stacktrace>
              <![CDATA[java.lang.IllegalStateException: Cannot get a text value from a numeric cell
at org.apache.poi.xssf.usermodel.XSSFCell.typeMismatch(XSSFCell.java:781)
at org.apache.poi.xssf.usermodel.XSSFCell.getRichStringCellValue(XSSFCell.java:278)
at org.apache.poi.xssf.usermodel.XSSFCell.getStringCellValue(XSSFCell.java:230)
at Com.SMB.Utilities.DataDriven.ExcelDataReader.Reader(ExcelDataReader.java:42)
at sun.reflect.NativeMethodAccessorImpl.invoke0(Native Method)
at sun.reflect.NativeMethodAccessorImpl.invoke(NativeMethodAccessorImpl.java:62)
at sun.reflect.DelegatingMethodAccessorImpl.invoke(DelegatingMethodAccessorImpl.java:43)
at java.lang.reflect.Method.invoke(Method.java:498)
at org.testng.internal.MethodInvocationHelper.invokeMethod(MethodInvocationHelper.java:134)
at org.testng.internal.TestInvoker.invokeMethod(TestInvoker.java:597)
at org.testng.internal.TestInvoker.invokeTestMethod(TestInvoker.java:173)
at org.testng.internal.MethodRunner.runInSequence(MethodRunner.java:46)
at org.testng.internal.TestInvoker$MethodInvocationAgent.invoke(TestInvoker.java:816)
at org.testng.internal.TestInvoker.invokeTestMethods(TestInvoker.java:146)
at org.testng.internal.TestMethodWorker.invokeTestMethods(TestMethodWorker.java:146)
at org.testng.internal.TestMethodWorker.run(TestMethodWorker.java:128)
at java.util.ArrayList.forEach(ArrayList.java:1257)
at org.testng.TestRunner.privateRun(TestRunner.java:766)
at org.testng.TestRunner.run(TestRunner.java:587)
at org.testng.SuiteRunner.runTest(SuiteRunner.java:384)
at org.testng.SuiteRunner.runSequentially(SuiteRunner.java:378)
at org.testng.SuiteRunner.privateRun(SuiteRunner.java:337)
at org.testng.SuiteRunner.run(SuiteRunner.java:286)
at org.testng.SuiteRunnerWorker.runSuite(SuiteRunnerWorker.java:53)
at org.testng.SuiteRunnerWorker.run(SuiteRunnerWorker.java:96)
at org.testng.TestNG.runSuitesSequentially(TestNG.java:1187)
at org.testng.TestNG.runSuitesLocally(TestNG.java:1109)
at org.testng.TestNG.runSuites(TestNG.java:1039)
at org.testng.TestNG.run(TestNG.java:1007)
at org.testng.remote.AbstractRemoteTestNG.run(AbstractRemoteTestNG.java:115)
at org.testng.remote.RemoteTestNG.initAndRun(RemoteTestNG.java:251)
at org.testng.remote.RemoteTestNG.main(RemoteTestNG.java:77)
]]>
            </full-stacktrace>
          </exception> <!-- java.lang.IllegalStateException -->
          <reporter-output>
          </reporter-output>
        </test-method> <!-- Reader -->
      </class> <!-- Com.SMB.Utilities.DataDriven.ExcelDataReader -->
    </test> <!-- Default test -->
  </suite> <!-- Default suite -->
</testng-results>
