<?xml version="1.0" encoding="UTF-8"?>
<!-- Generated by org.testng.reporters.JUnitXMLReporter -->
<testsuite hostname="DESKTOP-NAJ854M" ignored="0" name="ManagerLogin" tests="1" failures="1" timestamp="08 Mar 2020 15:33:48 GMT" time="0.022" errors="0">
  <testcase name="LaunchingUrl" time="0.006" classname="Com.SMB.TestCase.ManagerFeature.ManagerFeature">
    <failure type="java.lang.IllegalArgumentException" message="Cannot find elements when the XPath is null.">
      <![CDATA[java.lang.IllegalArgumentException: Cannot find elements when the XPath is null.
	at org.openqa.selenium.By$ByXPath.<init>(By.java:380)
	at org.openqa.selenium.By.xpath(By.java:98)
	at Com.SMB.TestCase.ManagerFeature.ManagerFeature.LaunchingUrl(ManagerFeature.java:17)
... Removed 25 stack frames]]>
    </failure>
  </testcase> <!-- LaunchingUrl -->
</testsuite> <!-- ManagerLogin -->
