<?xml version="1.0" encoding="UTF-8"?>
<!-- Generated by org.testng.reporters.JUnitXMLReporter -->
<testsuite hostname="DESKTOP-NAJ854M" ignored="0" name="Test1" tests="1" failures="1" timestamp="07 Mar 2020 16:00:04 GMT" time="0.03" errors="0">
  <testcase name="addNewCustomer" time="0.002" classname="Com.SMB.TestCase.ManagerFeature.AddCustomerTest">
    <failure type="java.lang.IllegalMonitorStateException">
      <![CDATA[java.lang.IllegalMonitorStateException
	at java.lang.Object.wait(Native Method)
	at Com.SMB.TestCase.ManagerFeature.AddCustomerTest.addNewCustomer(AddCustomerTest.java:15)
... Removed 25 stack frames]]>
    </failure>
  </testcase> <!-- addNewCustomer -->
</testsuite> <!-- Test1 -->
